waiting for other chrome instances to finish launching...
waiting for chromium to be installed...
launching chromium /Users/squash/Library/Application Support/abx/personas/Default/chrome_profile...
[*] Loading 6 extension(s) after Chrome launch with CDP Extensions.loadUnpacked
[*] Using debug port: 51363
[*] Loading Chrome extensions after launch with CDP Extensions.loadUnpacked
[*] Spawning Chromium (headless=true) [attempt 1/3]...
[*] Chromium spawned (PID: 40128)
[*] Waiting for debug port 51363...
[+] Chromium ready: ws://127.0.0.1:51363/devtools/browser/64373493-d66e-4028-9537-5b6e521e2e1c
[⚙️] Loading 6 unpacked chrome extensions into browser...
[⚠️] Could not attach Chrome extension archivewebpage target after Extensions.loadUnpacked returned bmjmgbefgaafihbffkiekmnkeeghgfdm: TimeoutError: Timed out waiting for extension target bmjmgbefgaafihbffkiekmnkeeghgfdm
[⚠️] Could not attach Chrome extension claudechrome target after Extensions.loadUnpacked returned fcoeoabgfenejglbffodgkkbkcdhcgfn: TimeoutError: Timed out waiting for extension target fcoeoabgfenejglbffodgkkbkcdhcgfn
[⚠️] Could not attach Chrome extension istilldontcareaboutcookies target after Extensions.loadUnpacked returned bieabklhggdlmoahiamfkbebpkncbaef: TimeoutError: Timed out waiting for extension target bieabklhggdlmoahiamfkbebpkncbaef
[⚠️] Could not attach Chrome extension singlefile target after Extensions.loadUnpacked returned hdflojadpdlcgmbjkpngkekndgkbkkci: TimeoutError: Timed out waiting for extension target hdflojadpdlcgmbjkpngkekndgkbkkci
[⚠️] Could not attach Chrome extension twocaptcha target after Extensions.loadUnpacked returned bmflcffcmamehmnbbkjeiadolmjbokch: TimeoutError: Timed out waiting for extension target bmflcffcmamehmnbbkjeiadolmjbokch
[⚠️] Could not attach Chrome extension ublock target after Extensions.loadUnpacked returned mhopcmpajjapnghakngappkdaodggghd: TimeoutError: Timed out waiting for extension target mhopcmpajjapnghakngappkdaodggghd
[+] Configured Chrome download directory via CDP: /Users/squash/Library/Application Support/abx/personas/Default/chrome_downloads
loading extension: archivewebpage...
loading extension: claudechrome...
loading extension: istilldontcareaboutcookies...
loading extension: singlefile...
loading extension: twocaptcha...
loading extension: ublock...
[+] chromium session started
[+] CDP URL: ws://127.0.0.1:51363/devtools/browser/64373493-d66e-4028-9537-5b6e521e2e1c
chromium running pid=40128, waiting for cleanup...
